************************************************************************************************************************
VERSION 1.0                                 By Paul Barklem, barklem@astro.uu.se
 
 Input Filename: strongsol.lines               
Output Filename: strongsol.output              
Time: Fri Mar 19 17:21:26 1999
 
Processed 280 Lines.
************************************************************************************************************************
Spec     Wavel      Elow     Elimit       Eupp     Elimit   L      J     N*low N*upp  Sigma    Alpha Log(Gamma/N)
  
	***Na***                                                                                           
  
	Multiplet 1                                                                                        
Na 1  5889.953      0.000  41449.650  16973.379  41449.650 0->1 0.5->1.5 1.627 2.117  406.87   0.273  -7.526
Na 1  5895.923      0.000  41449.650  16956.183  41449.650 0->1 0.5->0.5 1.627 2.116  406.58   0.273  -7.527
  
	Multiplet 4                                                                                        
Na 1  8194.824  16973.379  41449.650  29172.855  41449.650 1->2 1.5->2.5 2.117 2.989  803.79   0.270  -7.230
Na 1  8183.256  16956.183  41449.650  29172.904  41449.650 1->2 0.5->1.5 2.116 2.989  803.82   0.270  -7.230
Na 1  8194.791  16973.379  41449.650  29172.904  41449.650 1->2 1.5->1.5 2.117 2.989  803.79   0.270  -7.230
  
	***Mg***                                                                                           
  
	Multiplet 2                                                                                        
Mg 1  5183.604  21911.368  61669.140  41197.370  61669.140 1->0 2.0->1.0 1.661 2.315  728.72   0.238  -7.267
Mg 1  5172.684  21870.426  61669.140  41197.370  61669.140 1->0 1.0->1.0 1.660 2.315  728.75   0.238  -7.267
Mg 1  5167.322  21850.368  61669.140  41197.370  61669.140 1->0 0.0->1.0 1.660 2.315  728.77   0.238  -7.267
  
	Multiplet 3                                                                                        
Mg 1  3838.292  21911.368  61669.140  47957.035  61669.140 1->2 2.0->3.0 1.661 2.828  708.50   0.301  -7.291
Mg 1  3832.304  21870.426  61669.140  47957.018  61669.140 1->2 1.0->2.0 1.660 2.828  708.66   0.301  -7.291
Mg 1  3829.355  21850.368  61669.140  47957.047  61669.140 1->2 0.0->1.0 1.660 2.828  708.75   0.301  -7.291
Mg 1  3838.294  21911.140  61669.140  47957.018  61669.140 1->2 2.0->2.0 1.661 2.828  708.50   0.301  -7.291
Mg 1  3832.300  21870.426  61669.140  47957.047  61669.140 1->2 1.0->1.0 1.660 2.828  708.67   0.301  -7.291
  
	Multiplet 7                                                                                        
Mg 1  8806.760  35051.360  61669.140  46403.140  61669.140 1->2 1.0->2.0 2.030 2.680  530.02   0.277  -7.413
  
	Multiplet 9                                                                                        
Mg 1  5528.420  35051.360  61669.140  53134.700  61669.140 1->2 1.0->2.0 2.030 3.585 1460.78   0.312  -6.979
  
	Multiplet 11                                                                                       
Mg 1  4703.003      cross section input                    1->2 1.0->2.0             2806.00   0.269  -6.687
  
	***Si***                                                                                           
  
	Multiplet 3                                                                                        
Si 1  3905.527  15394.240  65743.000  40991.740  65743.000 1->0 0.0->1.0 1.476 2.105  594.71   0.245  -7.357
  
	Multiplet 22                                                                                       
Si 1  7416.000  45293.600  65743.000  58774.180  65743.000 2->3 2.0->3.0 2.316 3.967 1559.53   0.311  -6.951
  
	Multiplet 23                                                                                       
Si 1  7423.540  45321.860  65743.000  58789.000  65743.000 2->3 3.0->4.0 2.318 3.971 1566.27   0.311  -6.949
Si 1  7409.110  45293.600  65743.000  58786.800  65743.000 2->3 2.0->3.0 2.316 3.971 1565.33   0.311  -6.950
Si 1  7405.850  45276.200  65743.000  58775.440  65743.000 2->3 1.0->2.0 2.315 3.968 1560.14   0.311  -6.951
Si 1  7424.630  45321.860  65743.000  58786.800  65743.000 2->3 3.0->3.0 2.318 3.971 1565.26   0.311  -6.950
Si 1  7415.370  45293.600  65743.000  58775.440  65743.000 2->3 2.0->2.0 2.316 3.968 1560.10   0.311  -6.951
  
	Multiplet 24                                                                                       
Si 1  7289.250  45321.860  65743.000  59037.000  65743.000 2->3 3.0->4.0 2.318 4.044 1689.11   0.313  -6.917
Si 1  7275.280  45293.600  65743.000  59035.150  65743.000 2->3 2.0->3.0 2.316 4.044 1688.36   0.313  -6.917
Si 1  7290.210  45276.200  65743.000  59035.150  65743.000 2->3 3.0->3.0 2.315 4.044 1688.51   0.313  -6.917
  
	***K***                                                                                            
  
	Multiplet 1                                                                                        
K  1  7664.907      0.000  35009.780  13042.890  35009.780 0->1 0.5->1.5 1.770 2.234  486.85   0.232  -7.444
K  1  7698.979      0.000  35009.780  12985.170  35009.780 0->1 0.5->0.5 1.770 2.232  485.43   0.232  -7.445
  
	***Ca***                                                                                           
  
	Multiplet 2                                                                                        
Ca 1  4226.728      0.000  49304.800  23652.324  49304.800 0->1 0.0->1.0 1.491 2.068  371.61   0.238  -7.562
  
	Multiplet 3                                                                                        
Ca 1  6162.172  15315.948  49304.800  31539.510  49304.800 1->0 2.0->1.0 1.796 2.485  875.43   0.234  -7.189
Ca 1  6122.219  15210.067  49304.800  31539.510  49304.800 1->0 1.0->1.0 1.794 2.485  875.48   0.234  -7.189
Ca 1  6102.722  15157.910  49304.800  31539.510  49304.800 1->0 0.0->1.0 1.792 2.485  875.53   0.233  -7.189
  
	Multiplet 4                                                                                        
Ca 1  4454.781  15315.948  49304.800  37757.462  49304.800 1->2 2.0->3.0 1.796 3.082  948.42   0.274  -7.162
Ca 1  4434.960  15210.067  49304.800  37751.884  49304.800 1->2 1.0->2.0 1.794 3.081  947.54   0.274  -7.162
Ca 1  4425.441  15157.910  49304.800  37748.192  49304.800 1->2 0.0->1.0 1.792 3.081  946.93   0.274  -7.163
Ca 1  4455.887  15315.948  49304.800  37751.884  49304.800 1->2 2.0->2.0 1.796 3.081  947.38   0.274  -7.162
Ca 1  4435.688  15210.067  49304.800  37748.192  49304.800 1->2 1.0->1.0 1.794 3.081  946.85   0.274  -7.163
Ca 1  4456.612  15315.948  49304.800  37748.192  49304.800 1->2 2.0->1.0 1.796 3.081  946.69   0.274  -7.163
  
	***Fe***                                                                                           
  
	Multiplet 4                                                                                        
Fe 1  3859.913      0.000  63700.000  25900.002  63700.000 0->1 4.0->4.0 1.312 1.703  228.48   0.247  -7.776
Fe 1  3886.284    415.933  63700.000  26140.193  63700.000 0->1 3.0->3.0 1.316 1.709  230.36   0.247  -7.773
Fe 1  3899.709    704.003  63700.000  26339.708  63700.000 0->1 2.0->2.0 1.319 1.713  231.87   0.247  -7.770
Fe 1  3906.482    888.132  63700.000  26479.393  63700.000 0->1 1.0->1.0 1.321 1.717  232.91   0.247  -7.768
Fe 1  3824.444      0.000  63700.000  26140.193  63700.000 0->1 4.0->3.0 1.312 1.709  229.74   0.247  -7.774
Fe 1  3856.373    415.933  63700.000  26339.708  63700.000 0->1 3.0->2.0 1.316 1.713  231.43   0.247  -7.771
Fe 1  3878.575    704.003  63700.000  26479.393  63700.000 0->1 2.0->1.0 1.319 1.717  232.63   0.247  -7.768
Fe 1  3895.658    888.132  63700.000  26550.495  63700.000 0->1 1.0->0.0 1.321 1.718  233.30   0.247  -7.767
Fe 1  3922.914    415.933  63700.000  25900.002  63700.000 0->1 3.0->4.0 1.316 1.703  229.10   0.247  -7.775
Fe 1  3930.299    704.003  63700.000  26140.193  63700.000 0->1 2.0->3.0 1.319 1.709  230.81   0.247  -7.772
Fe 1  3927.922    888.132  63700.000  26339.708  63700.000 0->1 1.0->2.0 1.321 1.713  232.15   0.247  -7.769
Fe 1  3920.260    978.074  63700.000  26479.393  63700.000 0->1 0.0->1.0 1.322 1.717  233.05   0.247  -7.768
  
	Multiplet 5                                                                                        
Fe 1  3719.935      0.000  63700.000  26874.562  63700.000 0->1 4.0->5.0 1.312 1.726  233.78   0.247  -7.766
Fe 1  3737.133    415.933  63700.000  27166.837  63700.000 0->1 3.0->4.0 1.316 1.733  236.07   0.247  -7.762
Fe 1  3745.561    704.003  63700.000  27394.703  63700.000 0->1 2.0->3.0 1.319 1.738  237.84   0.247  -7.759
Fe 1  3748.264    888.132  63700.000  27559.598  63700.000 0->1 1.0->2.0 1.321 1.742  239.09   0.247  -7.756
Fe 1  3745.901    978.074  63700.000  27666.362  63700.000 0->1 0.0->1.0 1.322 1.745  239.87   0.247  -7.755
Fe 1  3679.915      0.000  63700.000  27166.837  63700.000 0->1 4.0->4.0 1.312 1.733  235.48   0.247  -7.763
Fe 1  3705.567    415.933  63700.000  27394.703  63700.000 0->1 3.0->3.0 1.316 1.738  237.42   0.247  -7.759
Fe 1  3722.564    704.003  63700.000  27559.598  63700.000 0->1 2.0->2.0 1.319 1.742  238.83   0.247  -7.757
Fe 1  3733.319    888.132  63700.000  27666.362  63700.000 0->1 1.0->1.0 1.321 1.745  239.74   0.247  -7.755
Fe 1  3649.304      0.000  63700.000  27394.703  63700.000 0->1 4.0->3.0 1.312 1.738  236.83   0.247  -7.761
Fe 1  3683.054    415.933  63700.000  27559.598  63700.000 0->1 3.0->2.0 1.316 1.742  238.42   0.247  -7.758
Fe 1  3707.828    704.003  63700.000  27666.362  63700.000 0->1 2.0->1.0 1.319 1.745  239.48   0.247  -7.756
  
	Multiplet 6                                                                                        
Fe 1  3440.610      0.000  63700.000  29056.341  63700.000 0->1 4.0->3.0 1.312 1.779  247.94   0.250  -7.741
Fe 1  3440.989    415.933  63700.000  29469.033  63700.000 0->1 3.0->2.0 1.316 1.790  251.56   0.251  -7.735
Fe 1  3443.878    704.003  63700.000  29732.749  63700.000 0->1 2.0->1.0 1.319 1.797  253.97   0.251  -7.731
Fe 1  3490.575    415.933  63700.000  29056.341  63700.000 0->1 3.0->3.0 1.316 1.779  248.43   0.249  -7.740
Fe 1  3475.450    704.003  63700.000  29469.033  63700.000 0->1 2.0->2.0 1.319 1.790  251.88   0.250  -7.734
Fe 1  3465.863    888.132  63700.000  29732.740  63700.000 0->1 1.0->1.0 1.321 1.797  254.17   0.251  -7.731
Fe 1  3526.039    704.003  63700.000  29056.341  63700.000 0->1 2.0->3.0 1.319 1.779  248.78   0.249  -7.740
Fe 1  3497.843    888.132  63700.000  29469.033  63700.000 0->1 1.0->2.0 1.321 1.790  252.10   0.250  -7.734
Fe 1  3476.704    978.074  63700.000  29732.740  63700.000 0->1 0.0->1.0 1.322 1.797  254.27   0.251  -7.730
  
	Multiplet 9                                                                                        
Fe 1  3020.643      0.000  63700.000  33095.962  65572.000 0->1 4.0->4.0 1.312 1.838  266.86   0.259  -7.711
Fe 1  3021.074    415.933  63700.000  33507.144  65572.000 0->1 3.0->3.0 1.316 1.849  271.41   0.261  -7.704
Fe 1  3020.495    704.003  63700.000  33801.595  65572.000 0->1 2.0->2.0 1.319 1.858  274.76   0.263  -7.699
Fe 1  3017.628    888.132  63700.000  34017.127  65572.000 0->1 1.0->1.0 1.321 1.864  277.24   0.264  -7.695
Fe 1  2983.574      0.000  63700.000  33507.144  65572.000 0->1 4.0->3.0 1.312 1.849  271.14   0.261  -7.704
Fe 1  2994.427    415.933  63700.000  33801.595  65572.000 0->1 3.0->2.0 1.316 1.858  274.59   0.263  -7.699
Fe 1  3000.950    704.003  63700.000  34017.127  65572.000 0->1 2.0->1.0 1.319 1.864  277.14   0.264  -7.695
Fe 1  3008.139    888.132  63700.000  34121.623  65572.000 0->1 1.0->0.0 1.321 1.867  278.42   0.264  -7.694
Fe 1  3059.086    415.933  63700.000  33095.962  65572.000 0->1 3.0->4.0 1.316 1.838  267.17   0.259  -7.710
Fe 1  3047.605    704.003  63700.000  33507.144  65572.000 0->1 2.0->3.0 1.319 1.849  271.60   0.261  -7.704
Fe 1  3037.388    888.132  63700.000  33801.595  65572.000 0->1 1.0->2.0 1.321 1.858  274.87   0.263  -7.699
Fe 1  3025.843    978.074  63700.000  34017.127  65572.000 0->1 0.0->1.0 1.322 1.864  277.29   0.264  -7.695
  
	Multiplet 15                                                                                       
Fe 1  5269.541   6928.280  65572.000  25900.002  63700.000 0->1 5.0->4.0 1.368 1.703  237.20   0.249  -7.760
Fe 1  5328.042   7376.775  65572.000  26140.193  63700.000 0->1 4.0->3.0 1.373 1.709  239.29   0.248  -7.756
Fe 1  5371.493   7728.071  65572.000  26339.708  63700.000 0->1 3.0->2.0 1.377 1.713  240.98   0.248  -7.753
Fe 1  5405.778   7985.795  65572.000  26479.393  63700.000 0->1 2.0->1.0 1.380 1.717  242.19   0.247  -7.751
Fe 1  5434.527   8154.725  65572.000  26550.495  63700.000 0->1 1.0->0.0 1.382 1.718  242.89   0.247  -7.750
Fe 1  5397.131   7376.775  65572.000  25900.002  63700.000 0->1 4.0->4.0 1.373 1.703  238.09   0.249  -7.759
Fe 1  5429.699   7728.071  65572.000  26140.193  63700.000 0->1 3.0->3.0 1.377 1.709  239.98   0.248  -7.755
Fe 1  5446.920   7985.795  65572.000  26339.708  63700.000 0->1 2.0->2.0 1.380 1.713  241.49   0.248  -7.752
Fe 1  5455.613   8154.725  65572.000  26479.393  63700.000 0->1 1.0->1.0 1.382 1.717  242.53   0.247  -7.750
Fe 1  5501.469   7728.071  65572.000  25900.002  63700.000 0->1 3.0->4.0 1.377 1.703  238.79   0.249  -7.757
Fe 1  5506.782   7985.795  65572.000  26140.193  63700.000 0->1 2.0->3.0 1.380 1.709  240.50   0.248  -7.754
Fe 1  5497.519   8154.725  65572.000  26339.708  63700.000 0->1 1.0->2.0 1.382 1.713  241.83   0.248  -7.752
  
	Multiplet 20                                                                                       
Fe 1  3820.428   6928.280  65572.000  33095.962  65572.000 0->1 5.0->4.0 1.368 1.838  271.73   0.257  -7.703
Fe 1  3825.884   7376.775  65572.000  33507.144  65572.000 0->1 4.0->3.0 1.373 1.849  276.08   0.261  -7.697
Fe 1  3834.225   7728.071  65572.000  33801.595  65572.000 0->1 3.0->2.0 1.377 1.858  279.34   0.264  -7.692
Fe 1  3840.439   7985.795  65572.000  34017.127  65572.000 0->1 2.0->1.0 1.380 1.864  281.77   0.266  -7.689
Fe 1  3849.969   8154.725  65572.000  34121.623  65572.000 0->1 1.0->0.0 1.382 1.867  283.02   0.267  -7.687
Fe 1  3887.051   7376.775  65572.000  33095.962  65572.000 0->1 4.0->4.0 1.373 1.838  272.31   0.257  -7.702
Fe 1  3878.021   7728.071  65572.000  33507.144  65572.000 0->1 3.0->3.0 1.377 1.849  276.53   0.261  -7.696
Fe 1  3872.504   7985.795  65572.000  33801.595  65572.000 0->1 2.0->2.0 1.380 1.858  279.66   0.264  -7.692
Fe 1  3865.526   8154.725  65572.000  34017.127  65572.000 0->1 1.0->1.0 1.382 1.864  281.98   0.266  -7.688
Fe 1  3940.882   7728.071  65572.000  33095.962  65572.000 0->1 3.0->4.0 1.377 1.838  272.79   0.257  -7.701
Fe 1  3917.185   7985.795  65572.000  33507.144  65572.000 0->1 2.0->3.0 1.380 1.849  276.87   0.261  -7.695
Fe 1  3898.012   8154.725  65572.000  33801.595  65572.000 0->1 1.0->2.0 1.382 1.858  279.88   0.264  -7.691
  
 	Multiplet 21                                                                                      
Fe 1  3734.867   6928.280  65572.000  33695.418  65572.000 0->1 5.0->5.0 1.368 1.855  277.36   0.263  -7.695
Fe 1  3749.487   7376.775  65572.000  34039.540  65572.000 0->1 4.0->4.0 1.373 1.865  281.28   0.266  -7.689
Fe 1  3758.235   7728.071  65572.000  34328.775  65572.000 0->1 3.0->3.0 1.377 1.874  284.63   0.269  -7.685
Fe 1  3763.790   7985.795  65572.000  34547.235  65572.000 0->1 2.0->2.0 1.380 1.880  287.20   0.271  -7.681
Fe 1  3767.194   8154.725  65572.000  34692.172  65572.000 0->1 1.0->1.0 1.382 1.885  288.93   0.272  -7.679
Fe 1  3687.458   6928.280  65572.000  34039.540  65572.000 0->1 5.0->4.0 1.368 1.865  280.79   0.266  -7.690
Fe 1  3709.256   7376.775  65572.000  34328.775  65572.000 0->1 4.0->3.0 1.373 1.874  284.25   0.269  -7.685
Fe 1  3727.621   7728.071  65572.000  34547.235  65572.000 0->1 3.0->2.0 1.377 1.880  286.92   0.271  -7.682
Fe 1  3743.364   7985.795  65572.000  34692.172  65572.000 0->1 2.0->1.0 1.380 1.885  288.75   0.272  -7.679
Fe 1  3798.513   7376.775  65572.000  33695.418  65572.000 0->1 4.0->5.0 1.373 1.855  277.88   0.263  -7.694
Fe 1  3799.549   7728.071  65572.000  34039.540  65572.000 0->1 3.0->4.0 1.377 1.865  281.68   0.267  -7.689
Fe 1  3795.004   7985.795  65572.000  34328.775  65572.000 0->1 2.0->3.0 1.380 1.874  284.92   0.269  -7.684
Fe 1  3787.883   8154.725  65572.000  34547.235  65572.000 0->1 1.0->2.0 1.382 1.880  287.39   0.271  -7.681
  
	Multiplet 22                                                                                       
Fe 1  3812.964   7728.071  65572.000  33946.965  63700.000 0->1 3.0->2.0 1.377 1.920  301.50   0.273  -7.661
Fe 1  3790.095   7985.795  65572.000  34362.890  63700.000 0->1 2.0->1.0 1.380 1.934  306.90   0.271  -7.652
Fe 1  3786.678   8154.725  65572.000  34555.640  63700.000 0->1 1.0->0.0 1.382 1.940  309.51   0.269  -7.649
Fe 1  3850.820   7985.795  65572.000  33946.965  63700.000 0->1 2.0->2.0 1.380 1.920  301.69   0.273  -7.660
Fe 1  3814.526   8154.725  65572.000  34362.890  63700.000 0->1 1.0->1.0 1.382 1.934  307.01   0.271  -7.652
Fe 1  3876.043   8154.725  65572.000  33946.965  63700.000 0->1 1.0->2.0 1.382 1.920  301.82   0.273  -7.660
  
	Multiplet 23                                                                                       
Fe 1  3581.195   6928.280  65572.000  34843.980  65572.000 0->1 5.0->6.0 1.368 1.889  289.40   0.272  -7.678
Fe 1  3647.844   7376.775  65572.000  34782.448  65572.000 0->1 4.0->5.0 1.373 1.887  289.12   0.272  -7.679
Fe 1  3631.464   7728.071  65572.000  35257.345  65572.000 0->1 3.0->4.0 1.377 1.902  294.80   0.274  -7.670
Fe 1  3618.769   7985.795  65572.000  35611.649  65572.000 0->1 2.0->3.0 1.380 1.913  299.18   0.274  -7.664
Fe 1  3608.861   8154.725  65572.000  35856.424  65572.000 0->1 1.0->2.0 1.382 1.921  302.27   0.273  -7.659
Fe 1  3589.107   6928.280  65572.000  34782.448  65572.000 0->1 5.0->5.0 1.368 1.887  288.71   0.271  -7.679
Fe 1  3585.708   7376.775  65572.000  35257.345  65572.000 0->1 4.0->4.0 1.373 1.902  294.50   0.273  -7.671
Fe 1  3585.320   7728.071  65572.000  35611.649  65572.000 0->1 3.0->3.0 1.377 1.913  298.97   0.273  -7.664
Fe 1  3586.985   7985.795  65572.000  35856.424  65572.000 0->1 2.0->2.0 1.380 1.921  302.14   0.273  -7.660
Fe 1  3528.940   6928.280  65572.000  35257.345  65572.000 0->1 5.0->4.0 1.368 1.902  294.15   0.273  -7.671
Fe 1  3540.709   7376.775  65572.000  35611.649  65572.000 0->1 4.0->3.0 1.373 1.913  298.71   0.273  -7.665
Fe 1  3554.122   7728.071  65572.000  35856.424  65572.000 0->1 3.0->2.0 1.377 1.921  301.96   0.273  -7.660
  
 	Multiplet 24                                                                                      
Fe 1  3513.820   6928.280  65572.000  35379.237  65572.000 0->1 5.0->5.0 1.368 1.906  295.59   0.273  -7.669
Fe 1  3521.264   7376.775  65572.000  35767.591  65572.000 0->1 4.0->4.0 1.373 1.918  300.62   0.273  -7.662
Fe 1  3526.167   7728.071  65572.000  36079.395  65572.000 0->1 3.0->3.0 1.377 1.928  304.75   0.272  -7.656
Fe 1  3466.501   6928.280  65572.000  35767.591  65572.000 0->1 5.0->4.0 1.368 1.918  300.33   0.273  -7.662
Fe 1  3483.006   7376.775  65572.000  36079.395  65572.000 0->1 4.0->3.0 1.373 1.928  304.54   0.272  -7.656
Fe 1  3570.100   7376.775  65572.000  35379.237  65572.000 0->1 4.0->5.0 1.373 1.906  295.93   0.273  -7.669
Fe 1  3565.381   7728.071  65572.000  35767.591  65572.000 0->1 3.0->4.0 1.377 1.918  300.86   0.273  -7.661
Fe 1  3558.518   7985.795  65572.000  36079.395  65572.000 0->1 2.0->3.0 1.380 1.928  304.92   0.272  -7.655
  
	Multiplet 37                                                                                       
Fe 1  5167.491  11976.260  65572.000  31322.639  63700.000 0->1 4.0->3.0 1.431 1.841  281.07   0.253  -7.687
Fe 1  5227.192  12560.953  65572.000  31686.377  63700.000 0->1 3.0->2.0 1.438 1.851  285.34   0.255  -7.681
Fe 1  5270.360  12968.573  65572.000  31937.350  63700.000 0->1 2.0->1.0 1.444 1.858  288.36   0.255  -7.677
Fe 1  5328.534  12560.953  65572.000  31322.639  63700.000 0->1 3.0->3.0 1.438 1.841  282.35   0.252  -7.685
Fe 1  5341.026  12968.573  65572.000  31686.377  63700.000 0->1 2.0->2.0 1.444 1.851  286.24   0.253  -7.679
Fe 1  5446.870  12968.573  65572.000  31322.639  63700.000 0->1 2.0->3.0 1.444 1.841  283.28   0.251  -7.684
  
	Multiplet 41                                                                                       
Fe 1  4383.547  11976.260  65572.000  34782.448  65572.000 0->1 4.0->5.0 1.431 1.887  295.30   0.265  -7.668
Fe 1  4404.752  12560.953  65572.000  35257.345  65572.000 0->1 3.0->4.0 1.438 1.902  301.09   0.263  -7.659
Fe 1  4415.125  12968.573  65572.000  35611.649  65572.000 0->1 2.0->3.0 1.444 1.913  305.50   0.261  -7.653
Fe 1  4294.128  11976.260  65572.000  35257.345  65572.000 0->1 4.0->4.0 1.431 1.902  300.09   0.266  -7.661
Fe 1  4337.049  12560.953  65572.000  35611.649  65572.000 0->1 3.0->3.0 1.438 1.913  304.80   0.263  -7.654
Fe 1  4367.906  12968.573  65572.000  35856.424  65572.000 0->1 2.0->2.0 1.444 1.921  308.14   0.260  -7.649
Fe 1  4229.760  11976.260  65572.000  35611.649  65572.000 0->1 4.0->3.0 1.431 1.913  303.85   0.266  -7.656
Fe 1  4291.466  12560.953  65572.000  35856.424  65572.000 0->1 3.0->2.0 1.438 1.921  307.46   0.262  -7.650
  
	Multiplet 42                                                                                       
Fe 1  4271.764  11976.260  65572.000  35379.237  65572.000 0->1 4.0->5.0 1.431 1.906  301.37   0.266  -7.659
Fe 1  4307.906  12560.953  65572.000  35767.591  65572.000 0->1 3.0->4.0 1.438 1.918  306.49   0.263  -7.651
Fe 1  4325.765  12968.573  65572.000  36079.395  65572.000 0->1 2.0->3.0 1.444 1.928  310.62   0.260  -7.645
Fe 1  4202.031  11976.260  65572.000  35767.591  65572.000 0->1 4.0->4.0 1.431 1.918  305.56   0.265  -7.653
Fe 1  4250.790  12560.953  65572.000  36079.395  65572.000 0->1 3.0->3.0 1.438 1.928  309.96   0.262  -7.646
Fe 1  4147.673  11976.260  65572.000  36079.395  65572.000 0->1 4.0->3.0 1.431 1.928  309.08   0.264  -7.648
  
	Multiplet 43                                                                                       
Fe 1  4045.815  11976.260  65572.000  36686.204  65572.000 0->1 4.0->4.0 1.431 1.949  316.34   0.260  -7.637
Fe 1  4063.597  12560.953  65572.000  37162.770  65572.000 0->1 3.0->3.0 1.438 1.965  323.18   0.255  -7.627
Fe 1  4071.740  12968.573  65572.000  37521.186  65572.000 0->1 2.0->2.0 1.444 1.977  328.51   0.252  -7.619
Fe 1  3969.261  11976.260  65572.000  37162.770  65572.000 0->1 4.0->3.0 1.431 1.965  322.46   0.257  -7.628
Fe 1  4005.246  12560.953  65572.000  37521.186  65572.000 0->1 3.0->2.0 1.438 1.977  328.00   0.252  -7.620
Fe 1  4143.871  12560.953  65572.000  36686.204  65572.000 0->1 3.0->4.0 1.438 1.949  317.13   0.258  -7.636
Fe 1  4132.060  12968.573  65572.000  37162.770  65572.000 0->1 2.0->3.0 1.444 1.965  323.73   0.254  -7.626
  
	Multiplet 45                                                                                       
Fe 1  3815.842  11976.260  65572.000  38175.382  65572.000 0->1 4.0->3.0 1.431 2.001  336.84   0.250  -7.608
Fe 1  3827.825  12560.953  65572.000  38678.067  65572.000 0->1 3.0->2.0 1.438 2.019  345.28   0.246  -7.597
Fe 1  3841.051  12968.573  65572.000  38995.764  65572.000 0->1 2.0->1.0 1.444 2.031  350.96   0.245  -7.589
Fe 1  3902.948  12560.953  65572.000  38175.382  65572.000 0->1 3.0->3.0 1.438 2.001  337.42   0.248  -7.607
Fe 1  3888.517  12968.573  65572.000  38678.067  65572.000 0->1 2.0->2.0 1.444 2.019  345.70   0.246  -7.596
Fe 1  3966.066  12968.573  65572.000  38175.382  65572.000 0->1 2.0->3.0 1.444 2.001  337.88   0.248  -7.606
  
	Multiplet 60                                                                                       
Fe 1  8688.633  17550.210  65572.000  29056.341  63700.000 0->1 3.0->3.0 1.511 1.779  280.61   0.243  -7.686
Fe 1  8514.075  17727.017  65572.000  29469.033  63700.000 0->1 2.0->2.0 1.514 1.790  283.60   0.243  -7.681
Fe 1  8468.413  17927.411  65572.000  29732.749  63700.000 0->1 1.0->1.0 1.517 1.797  285.82   0.242  -7.678
Fe 1  8387.781  17550.210  65572.000  29469.033  63700.000 0->1 3.0->2.0 1.511 1.790  283.00   0.242  -7.682
Fe 1  8327.063  17727.017  65572.000  29732.749  63700.000 0->1 2.0->1.0 1.514 1.797  285.16   0.242  -7.679
Fe 1  8824.227  17727.017  65572.000  29056.341  63700.000 0->1 2.0->3.0 1.514 1.779  281.25   0.244  -7.685
Fe 1  8661.908  17927.411  65572.000  29469.033  63700.000 0->1 1.0->2.0 1.517 1.790  284.29   0.243  -7.680
  
	Multiplet 152                                                                                      
Fe 1  4260.479  19350.894  63700.000  42815.855  63700.000 1->0 5.0->5.0 1.573 2.292  725.30   0.242  -7.274
Fe 1  4235.942  19562.457  63700.000  43163.327  63700.000 1->0 4.0->4.0 1.576 2.311  739.03   0.240  -7.265
Fe 1  4222.219  19757.040  63700.000  43434.633  63700.000 1->0 3.0->3.0 1.580 2.326  750.75   0.238  -7.258
Fe 1  4210.352  20019.648  63700.000  43763.982  63700.000 1->0 1.0->1.0 1.585 2.346  766.05   0.234  -7.248
Fe 1  4198.310  19350.894  63700.000  43163.327  63700.000 1->0 5.0->4.0 1.573 2.311  739.91   0.241  -7.265
Fe 1  4187.802  19562.457  63700.000  43434.633  63700.000 1->0 4.0->3.0 1.576 2.326  751.42   0.238  -7.257
Fe 1  4187.044  19757.040  63700.000  43633.535  63700.000 1->0 3.0->2.0 1.580 2.338  760.32   0.236  -7.252
Fe 1  4191.436  19912.511  63700.000  43763.982  63700.000 1->0 2.0->1.0 1.583 2.346  766.33   0.235  -7.248
Fe 1  4299.242  19562.457  63700.000  42815.855  63700.000 1->0 4.0->5.0 1.576 2.292  724.31   0.242  -7.274
Fe 1  4271.159  19757.040  63700.000  43163.327  63700.000 1->0 3.0->4.0 1.580 2.311  738.22   0.240  -7.265
Fe 1  4250.125  19912.511  63700.000  43434.633  63700.000 1->0 2.0->3.0 1.583 2.326  750.20   0.238  -7.258
Fe 1  4233.608  20019.648  63700.000  43633.535  63700.000 1->0 1.0->2.0 1.585 2.338  759.55   0.236  -7.252
  
	Multiplet 318                                                                                      
Fe 1  4957.603  22650.427  63700.000  42815.855  63700.000 1->0 6.0->5.0 1.635 2.292  713.64   0.238  -7.280
Fe 1  4920.509  22845.880  63700.000  43163.327  63700.000 1->0 5.0->4.0 1.638 2.311  727.68   0.237  -7.271
Fe 1  4891.496  22996.686  63700.000  43434.633  63700.000 1->0 4.0->3.0 1.642 2.326  739.38   0.236  -7.264
Fe 1  4871.323  23110.948  63700.000  43633.535  63700.000 1->0 3.0->2.0 1.644 2.338  748.21   0.235  -7.259
Fe 1  4859.748  23192.508  63700.000  43763.982  63700.000 1->0 2.0->1.0 1.645 2.346  754.07   0.235  -7.255
Fe 1  5006.126  22845.880  63700.000  42815.855  63700.000 1->0 5.0->5.0 1.638 2.292  713.33   0.238  -7.280
Fe 1  4957.302  22996.686  63700.000  43163.327  63700.000 1->0 4.0->4.0 1.642 2.311  727.37   0.238  -7.272
Fe 1  4918.999  23110.948  63700.000  43434.633  63700.000 1->0 3.0->3.0 1.644 2.326  739.06   0.237  -7.264
Fe 1  4890.762  23192.508  63700.000  43633.535  63700.000 1->0 2.0->2.0 1.645 2.338  747.93   0.236  -7.259
Fe 1  4872.144  23244.847  63700.000  43763.982  63700.000 1->0 1.0->1.0 1.647 2.346  753.86   0.235  -7.255
Fe 1  5044.221  22996.686  63700.000  42815.855  63700.000 1->0 4.0->5.0 1.642 2.292  713.13   0.238  -7.280
Fe 1  4985.553  23110.948  63700.000  43163.327  63700.000 1->0 3.0->4.0 1.644 2.311  727.15   0.238  -7.272
Fe 1  4938.820  23192.508  63700.000  43434.633  63700.000 1->0 2.0->3.0 1.645 2.326  738.84   0.237  -7.265
Fe 1  4903.317  23244.847  63700.000  43633.535  63700.000 1->0 1.0->2.0 1.647 2.338  747.75   0.236  -7.259
Fe 1  4878.218  23270.392  63700.000  43763.982  63700.000 1->0 0.0->1.0 1.647 2.346  753.76   0.235  -7.256
  
	Multiplet 383                                                                                      
Fe 1  5232.946  23711.467  63700.000  42815.855  63700.000 1->0 4.0->5.0 1.656 2.292  712.61   0.238  -7.281
Fe 1  5266.562  24180.876  63700.000  43163.327  63700.000 1->0 3.0->4.0 1.666 2.311  726.01   0.239  -7.273
Fe 1  5281.796  24506.928  63700.000  43434.633  63700.000 1->0 2.0->3.0 1.673 2.326  736.56   0.239  -7.266
Fe 1  5139.468  23711.467  63700.000  43163.327  63700.000 1->0 4.0->4.0 1.656 2.311  726.30   0.238  -7.272
Fe 1  5192.350  24180.876  63700.000  43434.633  63700.000 1->0 3.0->3.0 1.666 2.326  736.85   0.238  -7.266
Fe 1  5226.868  24506.928  63700.000  43633.535  63700.000 1->0 2.0->2.0 1.673 2.338  744.56   0.238  -7.261
Fe 1  5068.774  23711.467  63700.000  43434.633  63700.000 1->0 4.0->3.0 1.656 2.326  737.62   0.237  -7.265
Fe 1  5139.260  24180.876  63700.000  43633.535  63700.000 1->0 3.0->2.0 1.666 2.338  745.12   0.237  -7.261
Fe 1  5191.460  24506.928  63700.000  43763.982  63700.000 1->0 2.0->1.0 1.673 2.346  749.97   0.237  -7.258
  
	Multiplet 553                                                                                      
Fe 1  5324.185  25900.002  63700.000  44677.010  63700.000 1->0 4.0->4.0 1.703 2.401  791.10   0.236  -7.235
Fe 1  5283.628  26140.193  63700.000  45061.334  63700.000 1->0 3.0->3.0 1.709 2.426  814.92   0.233  -7.221
Fe 1  5263.314  26339.708  63700.000  45333.880  63700.000 1->0 2.0->2.0 1.713 2.444  834.91   0.231  -7.210
Fe 1  5253.479  26479.393  63700.000  45509.155  63700.000 1->0 1.0->1.0 1.717 2.455  849.20   0.229  -7.203
Fe 1  5217.395  25900.002  63700.000  45061.334  63700.000 1->0 4.0->3.0 1.703 2.426  814.82   0.232  -7.221
Fe 1  5208.601  26140.193  63700.000  45333.880  63700.000 1->0 3.0->2.0 1.709 2.444  834.96   0.230  -7.210
Fe 1  5215.185  26339.708  63700.000  45509.155  63700.000 1->0 2.0->1.0 1.713 2.455  849.36   0.229  -7.203
Fe 1  5229.857  26479.393  63700.000  45595.084  63700.000 1->0 1.0->0.0 1.717 2.461  856.76   0.229  -7.199
Fe 1  5393.174  26140.193  63700.000  44677.010  63700.000 1->0 3.0->4.0 1.709 2.401  791.44   0.237  -7.235
Fe 1  5339.935  26339.708  63700.000  45061.334  63700.000 1->0 2.0->3.0 1.713 2.426  815.10   0.234  -7.221
Fe 1  5302.307  26479.393  63700.000  45333.880  63700.000 1->0 1.0->2.0 1.717 2.444  834.89   0.231  -7.210
Fe 1  5273.176  26550.495  63700.000  45509.155  63700.000 1->0 0.0->1.0 1.718 2.455  849.12   0.230  -7.203
  
	Multiplet 686                                                                                      
Fe 1  5615.652  26874.562  63700.000  44677.010  63700.000 1->0 5.0->4.0 1.726 2.401  793.70   0.241  -7.234
Fe 1  5586.763  27166.837  63700.000  45061.334  63700.000 1->0 4.0->3.0 1.733 2.426  816.55   0.238  -7.221
Fe 1  5572.849  27394.703  63700.000  45333.880  63700.000 1->0 3.0->2.0 1.738 2.444  834.87   0.235  -7.211
Fe 1  5569.625  27559.598  63700.000  45509.155  63700.000 1->0 2.0->1.0 1.742 2.455  847.61   0.233  -7.204
Fe 1  5576.097  27666.362  63700.000  45595.084  63700.000 1->0 1.0->0.0 1.745 2.461  854.09   0.232  -7.201
Fe 1  5709.378  27166.837  63700.000  44677.010  63700.000 1->0 4.0->4.0 1.733 2.401  794.97   0.242  -7.234
Fe 1  5658.826  27394.703  63700.000  45061.334  63700.000 1->0 3.0->3.0 1.738 2.426  817.08   0.239  -7.221
Fe 1  5624.549  27559.598  63700.000  45333.880  63700.000 1->0 2.0->2.0 1.742 2.444  834.87   0.235  -7.211
Fe 1  5602.955  27666.362  63700.000  45509.155  63700.000 1->0 1.0->1.0 1.745 2.455  847.43   0.233  -7.204
Fe 1  5784.690  27394.703  63700.000  44677.010  63700.000 1->0 3.0->4.0 1.738 2.401  796.04   0.244  -7.233
Fe 1  5712.150  27559.598  63700.000  45061.334  63700.000 1->0 2.0->3.0 1.742 2.426  817.48   0.240  -7.221
Fe 1  5658.542  27666.362  63700.000  45333.880  63700.000 1->0 1.0->2.0 1.745 2.444  834.88   0.236  -7.211
  
	Multiplet 1146                                                                                     
Fe 1  5424.072  34843.980  65572.000  53275.200  65572.000 1->2 6.0->7.0 1.889 2.987  824.51   0.278  -7.225
Fe 1  5383.374  34782.448  65572.000  53353.020  65572.000 1->2 5.0->6.0 1.887 2.996  836.04   0.278  -7.219
Fe 1  5369.965  35257.345  65572.000  53874.300  65572.000 1->2 4.0->5.0 1.902 3.062  915.56   0.279  -7.179
Fe 1  5367.470  35611.649  65572.000  54237.200  65572.000 1->2 3.0->4.0 1.913 3.111  971.58   0.280  -7.154
Fe 1  5364.874  35856.424  65572.000  54491.080  65572.000 1->2 2.0->3.0 1.921 3.146 1012.60   0.281  -7.136
Fe 1  5401.270  34843.980  65572.000  53353.020  65572.000 1->2 6.0->6.0 1.889 2.996  836.05   0.278  -7.219
Fe 1  5236.380  34782.448  65572.000  53874.300  65572.000 1->2 5.0->5.0 1.887 3.062  916.54   0.279  -7.179
Fe 1  5267.280  35257.345  65572.000  54237.200  65572.000 1->2 4.0->4.0 1.902 3.111  973.49   0.280  -7.153
Fe 1  5295.318  35611.649  65572.000  54491.080  65572.000 1->2 3.0->3.0 1.913 3.146 1014.04   0.281  -7.135
  
	Multiplet 1165                                                                                     
Fe 1  5415.201  35379.237  65572.000  53840.680  65572.000 1->2 5.0->6.0 1.906 3.058  910.10   0.279  -7.182
Fe 1  5404.144  35767.591  65572.000  54266.760  65572.000 1->2 4.0->5.0 1.918 3.115  975.55   0.280  -7.152
Fe 1  5410.913  36079.395  65572.000  54555.450  65572.000 1->2 3.0->4.0 1.928 3.155 1022.20   0.281  -7.132
Fe 1  5293.030  35379.237  65572.000  54266.760  65572.000 1->2 5.0->5.0 1.906 3.115  977.72   0.280  -7.151
Fe 1  5321.106  35767.591  65572.000  54555.450  65572.000 1->2 4.0->4.0 1.918 3.155 1024.05   0.281  -7.131
Fe 1  5213.350  35379.237  65572.000  54555.450  65572.000 1->2 5.0->4.0 1.906 3.155 1026.25   0.281  -7.130
  
	IONIZED LINES                                                                                      
  
     ***Be+***                                                                                      
  
     Resonance Line                                                                                 
Be 2  3130.416      cross section input                    0->1 0.5->1.5              123.00   0.212  -8.023
Be 2  3131.064      cross section input                    0->1 0.5->0.5              123.00   0.212  -8.023
  
	***Mg+***                                                                                          
  
	Resonance Lines                                                                                    
Mg 2  2802.710      cross section input                    0->1 0.5->0.5              246.00   0.357  -7.761
Mg 2  2795.530      cross section input                    0->1 0.5->1.5              246.00   0.357  -7.761
  
	***Ca+***                                                                                          
  
	Resonance Lines                                                                                    
Ca 2  3968.470      cross section input                    0->1 0.5->0.5              234.00   0.223  -7.760
Ca 2  3933.660      cross section input                    0->1 0.5->1.5              234.00   0.223  -7.760
  
	Infrared Triplet                                                                                   
Ca 2  8498.020      cross section input                    2->1 1.5->1.5              291.00   0.275  -7.675
Ca 2  8542.090      cross section input                    2->1 2.5->1.5              291.00   0.275  -7.675
Ca 2  8662.140      cross section input                    2->1 1.5->0.5              291.00   0.275  -7.675
  
	***Ba+***                                                                                          
  
	Resonance Lines                                                                                    
Ba 2  4554.040      cross section input                    0->1 0.5->1.5              303.00   0.222  -7.651
Ba 2  4934.100      cross section input                    0->1 0.5->0.5              303.00   0.222  -7.651
  
	Triplet                                                                                            
Ba 2  6141.718      cross section input                    2->1 2.5->1.5              367.00   0.274  -7.577
Ba 2  6496.896      cross section input                    2->1 1.5->0.5              367.00   0.274  -7.577
Ba 2  5853.675      cross section input                    2->1 1.5->1.5              367.00   0.274  -7.577
  
	***Sr+***                                                                                          
  
	Resonance Lines                                                                                    
Sr 2  4077.714      cross section input                    0->1 0.5->1.5              274.00   0.219  -7.693
Sr 2  4215.524      cross section input                    0->1 0.5->0.5              274.00   0.219  -7.693
  
	Triplet                                                                                            
Sr 2 10327.314      cross section input                    2->1 2.5->1.5              331.00   0.274  -7.621
Sr 2 10914.877      cross section input                    2->1 1.5->0.5              331.00   0.274  -7.621
Sr 2 10036.658      cross section input                    2->1 1.5->1.5              331.00   0.274  -7.621
************************************************************************************************************************
